C:\Program Files (x86)\Microsoft Visual Studio\2019\Community\MSBuild\Microsoft\VC\v160\Microsoft.CppBuild.targets(499,5): warning MSB8004: Output 디렉터리가 슬래시로 끝나지 않습니다. Output 디렉터리의 적절한 평가를 허용하는 데 필요하므로 이 빌드 인스턴스에서 슬래시를 추가합니다.
  main.cpp
\\VBOXSVR\_stoneage\repos\ssm-sacli\system\main.cpp(342,22): warning C4566: 유니버설 문자 이름 '\u89C6'(으)로 표현되는 문자는 현재 코드 페이지(51949)에서 표현할 수 없습니다.
\\VBOXSVR\_stoneage\repos\ssm-sacli\system\main.cpp(342,22): warning C4566: 유니버설 문자 이름 '\u7A97'(으)로 표현되는 문자는 현재 코드 페이지(51949)에서 표현할 수 없습니다.
\\VBOXSVR\_stoneage\repos\ssm-sacli\system\main.cpp(342,22): warning C4566: 유니버설 문자 이름 '\u8D25'(으)로 표현되는 문자는 현재 코드 페이지(51949)에서 표현할 수 없습니다.
\\VBOXSVR\_stoneage\repos\ssm-sacli\system\main.cpp(342,22): warning C4566: 유니버설 문자 이름 '\u8BF7'(으)로 표현되는 문자는 현재 코드 페이지(51949)에서 표현할 수 없습니다.
\\VBOXSVR\_stoneage\repos\ssm-sacli\system\main.cpp(342,22): warning C4566: 유니버설 문자 이름 '\u6267'(으)로 표현되는 문자는 현재 코드 페이지(51949)에서 표현할 수 없습니다.
\\VBOXSVR\_stoneage\repos\ssm-sacli\system\main.cpp(342,22): warning C4566: 유니버설 문자 이름 '\u88C5'(으)로 표현되는 문자는 현재 코드 페이지(51949)에서 표현할 수 없습니다.
\\VBOXSVR\_stoneage\repos\ssm-sacli\system\main.cpp(342,22): warning C4566: 유니버설 문자 이름 '\u8BE2'(으)로 표현되는 문자는 현재 코드 페이지(51949)에서 표현할 수 없습니다.
\\VBOXSVR\_stoneage\repos\ssm-sacli\system\main.cpp(342,22): warning C4566: 유니버설 문자 이름 '\u5458'(으)로 표현되는 문자는 현재 코드 페이지(51949)에서 표현할 수 없습니다.
\\VBOXSVR\_stoneage\repos\ssm-sacli\system\main.cpp(577,21): warning C4566: 유니버설 문자 이름 '\u8D25'(으)로 표현되는 문자는 현재 코드 페이지(51949)에서 표현할 수 없습니다.
\\VBOXSVR\_stoneage\repos\ssm-sacli\system\main.cpp(587,21): warning C4566: 유니버설 문자 이름 '\u76D8'(으)로 표현되는 문자는 현재 코드 페이지(51949)에서 표현할 수 없습니다.
\\VBOXSVR\_stoneage\repos\ssm-sacli\system\main.cpp(587,21): warning C4566: 유니버설 문자 이름 '\u8D25'(으)로 표현되는 문자는 현재 코드 페이지(51949)에서 표현할 수 없습니다.
LINK : warning LNK4217: '_malloc'에 정의된 'libucrt.lib(malloc.obj)' 기호를 함수 'zlib.lib(zutil.obj)'에서 '_zcalloc'이(가) 가져왔습니다.
LINK : warning LNK4217: '_free'에 정의된 'libucrt.lib(free.obj)' 기호를 함수 'zlib.lib(zutil.obj)'에서 '_zcfree'이(가) 가져왔습니다.
zlib.lib(adler32.obj) : warning LNK4099: 'zlib.pdb' PDB를 'zlib.lib(adler32.obj)' 또는 '\\VBOXSVR\_stoneage\repos\ssm-sacli\Release\zlib.pdb'에서 찾을 수 없습니다. 디버그 정보가 없는 것처럼 개체를 링크합니다.
zlib.lib(crc32.obj) : warning LNK4099: 'zlib.pdb' PDB를 'zlib.lib(crc32.obj)' 또는 '\\VBOXSVR\_stoneage\repos\ssm-sacli\Release\zlib.pdb'에서 찾을 수 없습니다. 디버그 정보가 없는 것처럼 개체를 링크합니다.
zlib.lib(inflate.obj) : warning LNK4099: 'zlib.pdb' PDB를 'zlib.lib(inflate.obj)' 또는 '\\VBOXSVR\_stoneage\repos\ssm-sacli\Release\zlib.pdb'에서 찾을 수 없습니다. 디버그 정보가 없는 것처럼 개체를 링크합니다.
zlib.lib(inftrees.obj) : warning LNK4099: 'zlib.pdb' PDB를 'zlib.lib(inftrees.obj)' 또는 '\\VBOXSVR\_stoneage\repos\ssm-sacli\Release\zlib.pdb'에서 찾을 수 없습니다. 디버그 정보가 없는 것처럼 개체를 링크합니다.
zlib.lib(uncompr.obj) : warning LNK4099: 'zlib.pdb' PDB를 'zlib.lib(uncompr.obj)' 또는 '\\VBOXSVR\_stoneage\repos\ssm-sacli\Release\zlib.pdb'에서 찾을 수 없습니다. 디버그 정보가 없는 것처럼 개체를 링크합니다.
zlib.lib(zutil.obj) : warning LNK4099: 'zlib.pdb' PDB를 'zlib.lib(zutil.obj)' 또는 '\\VBOXSVR\_stoneage\repos\ssm-sacli\Release\zlib.pdb'에서 찾을 수 없습니다. 디버그 정보가 없는 것처럼 개체를 링크합니다.
  StoneAge.vcxproj -> C:\ssm-sacli\sa_8003.exe
